<?xml version="1.0" encoding="UTF-8"?>
<!-- Generated by org.testng.reporters.JUnitReportReporter -->
<testsuite skipped="0" hostname="DESKTOP-L28IVB5" name="com.TestLayer.Demo1" tests="1" failures="0" timestamp="2021-09-24T10:14:42 IST" time="5.380" errors="0">
  <testcase name="setUp" time="5.380" classname="com.TestLayer.Demo1"/>
  <system-out/>
</testsuite> <!-- com.TestLayer.Demo1 -->
